0 info it worked if it ends with ok
1 verbose cli [ 'node', '/usr/local/bin/npm', 'install', 'jsx-lint' ]
2 info using npm@2.10.1
3 info using node@v0.12.3
4 verbose install initial load of /home/d/websockets-react/client/package.json
5 warn package.json score-react@1.0.0 No README data
6 verbose installManyTop reading scoped package data from /home/d/websockets-react/client/node_modules/babel-loader/package.json
7 verbose installManyTop reading scoped package data from /home/d/websockets-react/client/node_modules/babel-runtime/package.json
8 verbose installManyTop reading scoped package data from /home/d/websockets-react/client/node_modules/baconjs/package.json
9 verbose installManyTop reading scoped package data from /home/d/websockets-react/client/node_modules/jsx-loader/package.json
10 verbose installManyTop reading scoped package data from /home/d/websockets-react/client/node_modules/path/package.json
11 verbose installManyTop reading scoped package data from /home/d/websockets-react/client/node_modules/react/package.json
12 verbose installManyTop reading scoped package data from /home/d/websockets-react/client/node_modules/react-pure-render/package.json
13 verbose installManyTop reading scoped package data from /home/d/websockets-react/client/node_modules/webpack/package.json
14 info package.json jsx-loader@0.13.2 license should be a valid SPDX license expression
15 info package.json path@0.11.14 path is also the name of a node core module.
16 verbose readDependencies loading dependencies from /home/d/websockets-react/client/package.json
17 silly cache add args [ 'jsx-lint', null ]
18 verbose cache add spec jsx-lint
19 silly cache add parsed spec { raw: 'jsx-lint',
19 silly cache add   scope: null,
19 silly cache add   name: 'jsx-lint',
19 silly cache add   rawSpec: '',
19 silly cache add   spec: '*',
19 silly cache add   type: 'range' }
20 silly addNamed jsx-lint@*
21 verbose addNamed "*" is a valid semver range for jsx-lint
22 silly addNameRange { name: 'jsx-lint', range: '*', hasData: false }
23 silly mapToRegistry name jsx-lint
24 silly mapToRegistry using default registry
25 silly mapToRegistry registry https://registry.npmjs.org/
26 silly mapToRegistry uri https://registry.npmjs.org/jsx-lint
27 verbose addNameRange registry:https://registry.npmjs.org/jsx-lint not in flight; fetching
28 verbose request uri https://registry.npmjs.org/jsx-lint
29 verbose request no auth needed
30 info attempt registry request try #1 at 8:55:31 AM
31 verbose request id 4044c3d11c39feba
32 http request GET https://registry.npmjs.org/jsx-lint
33 http 404 https://registry.npmjs.org/jsx-lint
34 verbose headers { server: 'CouchDB/1.5.0 (Erlang OTP/R16B03)',
34 verbose headers   'content-type': 'application/json',
34 verbose headers   'cache-control': 'max-age=0',
34 verbose headers   'content-length': '51',
34 verbose headers   'accept-ranges': 'bytes',
34 verbose headers   date: 'Sun, 26 Jul 2015 12:55:32 GMT',
34 verbose headers   via: '1.1 varnish',
34 verbose headers   age: '0',
34 verbose headers   connection: 'keep-alive',
34 verbose headers   'x-served-by': 'cache-atl6234-ATL',
34 verbose headers   'x-cache': 'MISS',
34 verbose headers   'x-cache-hits': '0',
34 verbose headers   'x-timer': 'S1437915332.361972,VS0,VE356' }
35 silly get cb [ 404,
35 silly get   { server: 'CouchDB/1.5.0 (Erlang OTP/R16B03)',
35 silly get     'content-type': 'application/json',
35 silly get     'cache-control': 'max-age=0',
35 silly get     'content-length': '51',
35 silly get     'accept-ranges': 'bytes',
35 silly get     date: 'Sun, 26 Jul 2015 12:55:32 GMT',
35 silly get     via: '1.1 varnish',
35 silly get     age: '0',
35 silly get     connection: 'keep-alive',
35 silly get     'x-served-by': 'cache-atl6234-ATL',
35 silly get     'x-cache': 'MISS',
35 silly get     'x-cache-hits': '0',
35 silly get     'x-timer': 'S1437915332.361972,VS0,VE356' } ]
36 verbose stack Error: 404 Not Found: jsx-lint
36 verbose stack     at CachingRegistryClient.<anonymous> (/usr/local/lib/node_modules/npm/node_modules/npm-registry-client/lib/request.js:245:14)
36 verbose stack     at Request._callback (/usr/local/lib/node_modules/npm/node_modules/npm-registry-client/lib/request.js:170:14)
36 verbose stack     at Request.self.callback (/usr/local/lib/node_modules/npm/node_modules/request/request.js:368:22)
36 verbose stack     at Request.emit (events.js:110:17)
36 verbose stack     at Request.<anonymous> (/usr/local/lib/node_modules/npm/node_modules/request/request.js:1219:14)
36 verbose stack     at Request.emit (events.js:129:20)
36 verbose stack     at IncomingMessage.<anonymous> (/usr/local/lib/node_modules/npm/node_modules/request/request.js:1167:12)
36 verbose stack     at IncomingMessage.emit (events.js:129:20)
36 verbose stack     at _stream_readable.js:908:16
36 verbose stack     at process._tickCallback (node.js:355:11)
37 verbose statusCode 404
38 verbose pkgid jsx-lint
39 verbose cwd /home/d/websockets-react/client
40 error Linux 3.16.0-37-generic
41 error argv "node" "/usr/local/bin/npm" "install" "jsx-lint"
42 error node v0.12.3
43 error npm  v2.10.1
44 error code E404
45 error 404 Not Found: jsx-lint
45 error 404
45 error 404 'jsx-lint' is not in the npm registry.
45 error 404 You should bug the author to publish it (or use the name yourself!)
45 error 404 It was specified as a dependency of 'score-react'
45 error 404
45 error 404 Note that you can also install from a
45 error 404 tarball, folder, http url, or git url.
46 verbose exit [ 1, true ]
